0 verbose cli C:\Users\ASUS\Desktop\wechat\front_admin\node\node.exe C:\Users\ASUS\Desktop\wechat\front_admin\node\node_modules\npm\bin\npm-cli.js
1 info using npm@10.8.2
2 info using node@v20.19.0
3 silly config load:file:C:\Users\ASUS\Desktop\wechat\front_admin\node\node_modules\npm\npmrc
4 silly config load:file:C:\Users\ASUS\Desktop\wechat\front_admin\.npmrc
5 silly config load:file:C:\Users\ASUS\.npmrc
6 silly config load:file:C:\Users\ASUS\Desktop\wechat\front_admin\node\etc\npmrc
7 verbose title npm ci
8 verbose argv "ci"
9 verbose logfile logs-max:10 dir:C:\Users\ASUS\Desktop\wechat\backend\.npm-cache\_logs\2026-04-15T13_41_22_638Z-
10 verbose logfile C:\Users\ASUS\Desktop\wechat\backend\.npm-cache\_logs\2026-04-15T13_41_22_638Z-debug-0.log
11 silly packumentCache heap:4345298944 maxSize:1086324736 maxEntrySize:543162368
12 silly logfile start cleaning logs, removing 1 files
13 silly logfile done cleaning log files
14 silly idealTree buildDeps
15 silly reify moves {}
16 silly audit bulk request {
16 silly audit   '@babel/code-frame': [ '7.29.0' ],
16 silly audit   '@babel/compat-data': [ '7.29.0' ],
16 silly audit   '@babel/core': [ '7.29.0' ],
16 silly audit   '@babel/generator': [ '7.29.1' ],
16 silly audit   '@babel/helper-annotate-as-pure': [ '7.27.3' ],
16 silly audit   '@babel/helper-compilation-targets': [ '7.28.6' ],
16 silly audit   '@babel/helper-create-class-features-plugin': [ '7.28.6' ],
16 silly audit   '@babel/helper-globals': [ '7.28.0' ],
16 silly audit   '@babel/helper-member-expression-to-functions': [ '7.28.5' ],
16 silly audit   '@babel/helper-module-imports': [ '7.28.6' ],
16 silly audit   '@babel/helper-module-transforms': [ '7.28.6' ],
16 silly audit   '@babel/helper-optimise-call-expression': [ '7.27.1' ],
16 silly audit   '@babel/helper-plugin-utils': [ '7.28.6' ],
16 silly audit   '@babel/helper-replace-supers': [ '7.28.6' ],
16 silly audit   '@babel/helper-skip-transparent-expression-wrappers': [ '7.27.1' ],
16 silly audit   '@babel/helper-string-parser': [ '7.27.1' ],
16 silly audit   '@babel/helper-validator-identifier': [ '7.28.5' ],
16 silly audit   '@babel/helper-validator-option': [ '7.27.1' ],
16 silly audit   '@babel/helpers': [ '7.28.6' ],
16 silly audit   '@babel/parser': [ '7.29.0' ],
16 silly audit   '@babel/plugin-proposal-decorators': [ '7.29.0' ],
16 silly audit   '@babel/plugin-syntax-decorators': [ '7.28.6' ],
16 silly audit   '@babel/plugin-syntax-import-attributes': [ '7.28.6' ],
16 silly audit   '@babel/plugin-syntax-import-meta': [ '7.10.4' ],
16 silly audit   '@babel/plugin-syntax-jsx': [ '7.28.6' ],
16 silly audit   '@babel/plugin-syntax-typescript': [ '7.28.6' ],
16 silly audit   '@babel/plugin-transform-typescript': [ '7.28.6' ],
16 silly audit   '@babel/template': [ '7.28.6' ],
16 silly audit   '@babel/traverse': [ '7.29.0' ],
16 silly audit   '@babel/types': [ '7.29.0' ],
16 silly audit   '@ctrl/tinycolor': [ '4.2.0' ],
16 silly audit   '@element-plus/icons-vue': [ '2.3.2' ],
16 silly audit   '@esbuild/aix-ppc64': [ '0.27.3' ],
16 silly audit   '@esbuild/android-arm': [ '0.27.3' ],
16 silly audit   '@esbuild/android-arm64': [ '0.27.3' ],
16 silly audit   '@esbuild/android-x64': [ '0.27.3' ],
16 silly audit   '@esbuild/darwin-arm64': [ '0.27.3' ],
16 silly audit   '@esbuild/darwin-x64': [ '0.27.3' ],
16 silly audit   '@esbuild/freebsd-arm64': [ '0.27.3' ],
16 silly audit   '@esbuild/freebsd-x64': [ '0.27.3' ],
16 silly audit   '@esbuild/linux-arm': [ '0.27.3' ],
16 silly audit   '@esbuild/linux-arm64': [ '0.27.3' ],
16 silly audit   '@esbuild/linux-ia32': [ '0.27.3' ],
16 silly audit   '@esbuild/linux-loong64': [ '0.27.3' ],
16 silly audit   '@esbuild/linux-mips64el': [ '0.27.3' ],
16 silly audit   '@esbuild/linux-ppc64': [ '0.27.3' ],
16 silly audit   '@esbuild/linux-riscv64': [ '0.27.3' ],
16 silly audit   '@esbuild/linux-s390x': [ '0.27.3' ],
16 silly audit   '@esbuild/linux-x64': [ '0.27.3' ],
16 silly audit   '@esbuild/netbsd-arm64': [ '0.27.3' ],
16 silly audit   '@esbuild/netbsd-x64': [ '0.27.3' ],
16 silly audit   '@esbuild/openbsd-arm64': [ '0.27.3' ],
16 silly audit   '@esbuild/openbsd-x64': [ '0.27.3' ],
16 silly audit   '@esbuild/openharmony-arm64': [ '0.27.3' ],
16 silly audit   '@esbuild/sunos-x64': [ '0.27.3' ],
16 silly audit   '@esbuild/win32-arm64': [ '0.27.3' ],
16 silly audit   '@esbuild/win32-ia32': [ '0.27.3' ],
16 silly audit   '@esbuild/win32-x64': [ '0.27.3' ],
16 silly audit   '@floating-ui/core': [ '1.7.5' ],
16 silly audit   '@floating-ui/dom': [ '1.7.6' ],
16 silly audit   '@floating-ui/utils': [ '0.2.11' ],
16 silly audit   '@jridgewell/gen-mapping': [ '0.3.13' ],
16 silly audit   '@jridgewell/remapping': [ '2.3.5' ],
16 silly audit   '@jridgewell/resolve-uri': [ '3.1.2' ],
16 silly audit   '@jridgewell/sourcemap-codec': [ '1.5.5' ],
16 silly audit   '@jridgewell/trace-mapping': [ '0.3.31' ],
16 silly audit   '@polka/url': [ '1.0.0-next.29' ],
16 silly audit   '@sxzz/popperjs-es': [ '2.11.8' ],
16 silly audit   '@rolldown/pluginutils': [ '1.0.0-rc.2' ],
16 silly audit   '@rollup/rollup-android-arm-eabi': [ '4.59.0' ],
16 silly audit   '@rollup/rollup-android-arm64': [ '4.59.0' ],
16 silly audit   '@rollup/rollup-darwin-arm64': [ '4.59.0' ],
16 silly audit   '@rollup/rollup-darwin-x64': [ '4.59.0' ],
16 silly audit   '@rollup/rollup-freebsd-arm64': [ '4.59.0' ],
16 silly audit   '@rollup/rollup-freebsd-x64': [ '4.59.0' ],
16 silly audit   '@rollup/rollup-linux-arm-gnueabihf': [ '4.59.0' ],
16 silly audit   '@rollup/rollup-linux-arm-musleabihf': [ '4.59.0' ],
16 silly audit   '@rollup/rollup-linux-arm64-gnu': [ '4.59.0' ],
16 silly audit   '@rollup/rollup-linux-arm64-musl': [ '4.59.0' ],
16 silly audit   '@rollup/rollup-linux-loong64-gnu': [ '4.59.0' ],
16 silly audit   '@rollup/rollup-linux-loong64-musl': [ '4.59.0' ],
16 silly audit   '@rollup/rollup-linux-ppc64-gnu': [ '4.59.0' ],
16 silly audit   '@rollup/rollup-linux-ppc64-musl': [ '4.59.0' ],
16 silly audit   '@rollup/rollup-linux-riscv64-gnu': [ '4.59.0' ],
16 silly audit   '@rollup/rollup-linux-riscv64-musl': [ '4.59.0' ],
16 silly audit   '@rollup/rollup-linux-s390x-gnu': [ '4.59.0' ],
16 silly audit   '@rollup/rollup-linux-x64-gnu': [ '4.59.0' ],
16 silly audit   '@rollup/rollup-linux-x64-musl': [ '4.59.0' ],
16 silly audit   '@rollup/rollup-openbsd-x64': [ '4.59.0' ],
16 silly audit   '@rollup/rollup-openharmony-arm64': [ '4.59.0' ],
16 silly audit   '@rollup/rollup-win32-arm64-msvc': [ '4.59.0' ],
16 silly audit   '@rollup/rollup-win32-ia32-msvc': [ '4.59.0' ],
16 silly audit   '@rollup/rollup-win32-x64-gnu': [ '4.59.0' ],
16 silly audit   '@rollup/rollup-win32-x64-msvc': [ '4.59.0' ],
16 silly audit   '@tsconfig/node24': [ '24.0.4' ],
16 silly audit   '@types/estree': [ '1.0.8' ],
16 silly audit   '@types/lodash': [ '4.17.24' ],
16 silly audit   '@types/lodash-es': [ '4.17.12' ],
16 silly audit   '@types/node': [ '24.12.0' ],
16 silly audit   '@types/web-bluetooth': [ '0.0.20' ],
16 silly audit   '@vitejs/plugin-vue': [ '6.0.4' ],
16 silly audit   '@volar/language-core': [ '2.4.28' ],
16 silly audit   '@volar/source-map': [ '2.4.28' ],
16 silly audit   '@volar/typescript': [ '2.4.28' ],
16 silly audit   '@vue-macros/common': [ '3.1.2' ],
16 silly audit   '@vue/babel-helper-vue-transform-on': [ '1.5.0' ],
16 silly audit   '@vue/babel-plugin-jsx': [ '1.5.0' ],
16 silly audit   '@vue/babel-plugin-resolve-type': [ '1.5.0' ],
16 silly audit   '@vue/compiler-core': [ '3.5.29' ],
16 silly audit   '@vue/compiler-dom': [ '3.5.29' ],
16 silly audit   '@vue/compiler-sfc': [ '3.5.29' ],
16 silly audit   '@vue/compiler-ssr': [ '3.5.29' ],
16 silly audit   '@vue/devtools-api': [ '8.0.7' ],
16 silly audit   '@vue/devtools-core': [ '8.0.7' ],
16 silly audit   '@vue/devtools-kit': [ '8.0.7' ],
16 silly audit   '@vue/devtools-shared': [ '8.0.7' ],
16 silly audit   '@vue/language-core': [ '3.2.5' ],
16 silly audit   '@vue/reactivity': [ '3.5.29' ],
16 silly audit   '@vue/runtime-core': [ '3.5.29' ],
16 silly audit   '@vue/runtime-dom': [ '3.5.29' ],
16 silly audit   '@vue/server-renderer': [ '3.5.29' ],
16 silly audit   '@vue/shared': [ '3.5.29' ],
16 silly audit   '@vue/tsconfig': [ '0.8.1' ],
16 silly audit   '@vueuse/core': [ '12.0.0' ],
16 silly audit   '@vueuse/metadata': [ '12.0.0' ],
16 silly audit   '@vueuse/shared': [ '12.0.0' ],
16 silly audit   acorn: [ '8.16.0' ],
16 silly audit   'alien-signals': [ '3.1.2' ],
16 silly audit   'ansi-styles': [ '6.2.3' ],
16 silly audit   ansis: [ '4.2.0' ],
16 silly audit   'ast-kit': [ '2.2.0' ],
16 silly audit   'ast-walker-scope': [ '0.8.3' ],
16 silly audit   'async-validator': [ '4.2.5' ],
16 silly audit   asynckit: [ '0.4.0' ],
16 silly audit   axios: [ '1.13.6' ],
16 silly audit   'baseline-browser-mapping': [ '2.10.0' ],
16 silly audit   birpc: [ '2.9.0' ],
16 silly audit   browserslist: [ '4.28.1' ],
16 silly audit   'bundle-name': [ '4.1.0' ],
16 silly audit   'call-bind-apply-helpers': [ '1.0.2' ],
16 silly audit   'caniuse-lite': [ '1.0.30001777' ],
16 silly audit   chokidar: [ '5.0.0' ],
16 silly audit   'combined-stream': [ '1.0.8' ],
16 silly audit   confbox: [ '0.2.4', '0.1.8' ],
16 silly audit   'convert-source-map': [ '2.0.0' ],
16 silly audit   'cross-spawn': [ '7.0.6' ],
16 silly audit   isexe: [ '2.0.0', '3.1.5' ],
16 silly audit   which: [ '2.0.2', '5.0.0' ],
16 silly audit   csstype: [ '3.2.3' ],
16 silly audit   dayjs: [ '1.11.19' ],
16 silly audit   debug: [ '4.4.3' ],
16 silly audit   'default-browser': [ '5.5.0' ],
16 silly audit   'default-browser-id': [ '5.0.1' ],
16 silly audit   'define-lazy-prop': [ '3.0.0' ],
16 silly audit   'delayed-stream': [ '1.0.0' ],
16 silly audit   'dunder-proto': [ '1.0.1' ],
16 silly audit   'electron-to-chromium': [ '1.5.307' ],
16 silly audit   'element-plus': [ '2.13.5' ],
16 silly audit   entities: [ '7.0.1' ],
16 silly audit   'error-stack-parser-es': [ '1.0.5' ],
16 silly audit   'es-define-property': [ '1.0.1' ],
16 silly audit   'es-errors': [ '1.3.0' ],
16 silly audit   'es-object-atoms': [ '1.1.1' ],
16 silly audit   'es-set-tostringtag': [ '2.1.0' ],
16 silly audit   esbuild: [ '0.27.3' ],
16 silly audit   escalade: [ '3.2.0' ],
16 silly audit   'estree-walker': [ '2.0.2' ],
16 silly audit   exsolve: [ '1.0.8' ],
16 silly audit   fdir: [ '6.5.0' ],
16 silly audit   'follow-redirects': [ '1.15.11' ],
16 silly audit   'form-data': [ '4.0.5' ],
16 silly audit   fsevents: [ '2.3.3' ],
16 silly audit   'function-bind': [ '1.1.2' ],
16 silly audit   gensync: [ '1.0.0-beta.2' ],
16 silly audit   'get-intrinsic': [ '1.3.0' ],
16 silly audit   'get-proto': [ '1.0.1' ],
16 silly audit   gopd: [ '1.2.0' ],
16 silly audit   'has-symbols': [ '1.1.0' ],
16 silly audit   'has-tostringtag': [ '1.0.2' ],
16 silly audit   hasown: [ '2.0.2' ],
16 silly audit   hookable: [ '5.5.3' ],
16 silly audit   'is-docker': [ '3.0.0' ],
16 silly audit   'is-inside-container': [ '1.0.0' ],
16 silly audit   'is-wsl': [ '3.1.1' ],
16 silly audit   'js-tokens': [ '4.0.0' ],
16 silly audit   jsesc: [ '3.1.0' ],
16 silly audit   'json-parse-even-better-errors': [ '4.0.0' ],
16 silly audit   json5: [ '2.2.3' ],
16 silly audit   kolorist: [ '1.8.0' ],
16 silly audit   'local-pkg': [ '1.1.2' ],
16 silly audit   lodash: [ '4.17.23' ],
16 silly audit   'lodash-es': [ '4.17.23' ],
16 silly audit   'lodash-unified': [ '1.0.3' ],
16 silly audit   'lru-cache': [ '5.1.1' ],
16 silly audit   'magic-string': [ '0.30.21' ],
16 silly audit   'magic-string-ast': [ '1.0.3' ],
16 silly audit   'math-intrinsics': [ '1.1.0' ],
16 silly audit   'memoize-one': [ '6.0.0' ],
16 silly audit   memorystream: [ '0.3.1' ],
16 silly audit   'mime-db': [ '1.52.0' ],
16 silly audit   'mime-types': [ '2.1.35' ],
16 silly audit   mlly: [ '1.8.1' ],
16 silly audit   'pkg-types': [ '1.3.1', '2.3.0' ],
16 silly audit   mrmime: [ '2.0.1' ],
16 silly audit   ms: [ '2.1.3' ],
16 silly audit   'muggle-string': [ '0.4.1' ],
16 silly audit   nanoid: [ '3.3.11' ],
16 silly audit   'node-releases': [ '2.0.36' ],
16 silly audit   'normalize-wheel-es': [ '1.2.0' ],
16 silly audit   'npm-normalize-package-bin': [ '4.0.0' ],
16 silly audit   'npm-run-all2': [ '8.0.4' ],
16 silly audit   ohash: [ '2.0.11' ],
16 silly audit   open: [ '10.2.0' ],
16 silly audit   'path-browserify': [ '1.0.1' ],
16 silly audit   'path-key': [ '3.1.1' ],
16 silly audit   pathe: [ '2.0.3' ],
16 silly audit   'perfect-debounce': [ '2.1.0' ],
16 silly audit   picocolors: [ '1.1.1' ],
16 silly audit   picomatch: [ '4.0.3' ],
16 silly audit   pidtree: [ '0.6.0' ],
16 silly audit   postcss: [ '8.5.8' ],
16 silly audit   'proxy-from-env': [ '1.1.0' ],
16 silly audit   quansync: [ '0.2.11' ],
16 silly audit   'read-package-json-fast': [ '4.0.0' ],
16 silly audit   readdirp: [ '5.0.0' ],
16 silly audit   rollup: [ '4.59.0' ],
16 silly audit   'run-applescript': [ '7.1.0' ],
16 silly audit   scule: [ '1.3.0' ],
16 silly audit   semver: [ '6.3.1' ],
16 silly audit   'shebang-command': [ '2.0.0' ],
16 silly audit   'shebang-regex': [ '3.0.0' ],
16 silly audit   'shell-quote': [ '1.8.3' ],
16 silly audit   sirv: [ '3.0.2' ],
16 silly audit   'source-map-js': [ '1.2.1' ],
16 silly audit   tinyglobby: [ '0.2.15' ],
16 silly audit   totalist: [ '3.0.1' ],
16 silly audit   typescript: [ '5.9.3' ],
16 silly audit   ufo: [ '1.6.3' ],
16 silly audit   'undici-types': [ '7.16.0' ],
16 silly audit   unplugin: [ '3.0.0' ],
16 silly audit   'unplugin-utils': [ '0.3.1' ],
16 silly audit   'update-browserslist-db': [ '1.2.3' ],
16 silly audit   vite: [ '7.3.1' ],
16 silly audit   'vite-dev-rpc': [ '1.1.0' ],
16 silly audit   'vite-hot-client': [ '2.1.0' ],
16 silly audit   'vite-plugin-inspect': [ '11.3.3' ],
16 silly audit   'vite-plugin-vue-devtools': [ '8.0.7' ],
16 silly audit   'vite-plugin-vue-inspector': [ '5.3.2' ],
16 silly audit   'vscode-uri': [ '3.1.0' ],
16 silly audit   vue: [ '3.5.29' ],
16 silly audit   'vue-router': [ '5.0.3' ],
16 silly audit   'vue-tsc': [ '3.2.5' ],
16 silly audit   'webpack-virtual-modules': [ '0.6.2' ],
16 silly audit   'wsl-utils': [ '0.1.0' ],
16 silly audit   yallist: [ '3.1.1' ],
16 silly audit   yaml: [ '2.8.2' ]
16 silly audit }
17 verbose reify failed optional dependency C:\Users\ASUS\Desktop\wechat\front_admin\node_modules\fsevents
18 silly reify mark deleted [
18 silly reify   'C:\\Users\\ASUS\\Desktop\\wechat\\front_admin\\node_modules\\fsevents'
18 silly reify ]
19 verbose reify failed optional dependency C:\Users\ASUS\Desktop\wechat\front_admin\node_modules\@rollup\rollup-win32-ia32-msvc
20 silly reify mark deleted [
20 silly reify   'C:\\Users\\ASUS\\Desktop\\wechat\\front_admin\\node_modules\\@rollup\\rollup-win32-ia32-msvc'
20 silly reify ]
21 verbose reify failed optional dependency C:\Users\ASUS\Desktop\wechat\front_admin\node_modules\@rollup\rollup-win32-arm64-msvc
22 silly reify mark deleted [
22 silly reify   'C:\\Users\\ASUS\\Desktop\\wechat\\front_admin\\node_modules\\@rollup\\rollup-win32-arm64-msvc'
22 silly reify ]
23 verbose reify failed optional dependency C:\Users\ASUS\Desktop\wechat\front_admin\node_modules\@rollup\rollup-openharmony-arm64
24 silly reify mark deleted [
24 silly reify   'C:\\Users\\ASUS\\Desktop\\wechat\\front_admin\\node_modules\\@rollup\\rollup-openharmony-arm64'
24 silly reify ]
25 verbose reify failed optional dependency C:\Users\ASUS\Desktop\wechat\front_admin\node_modules\@rollup\rollup-openbsd-x64
26 silly reify mark deleted [
26 silly reify   'C:\\Users\\ASUS\\Desktop\\wechat\\front_admin\\node_modules\\@rollup\\rollup-openbsd-x64'
26 silly reify ]
27 verbose reify failed optional dependency C:\Users\ASUS\Desktop\wechat\front_admin\node_modules\@rollup\rollup-linux-x64-musl
28 silly reify mark deleted [
28 silly reify   'C:\\Users\\ASUS\\Desktop\\wechat\\front_admin\\node_modules\\@rollup\\rollup-linux-x64-musl'
28 silly reify ]
29 verbose reify failed optional dependency C:\Users\ASUS\Desktop\wechat\front_admin\node_modules\@rollup\rollup-linux-x64-gnu
30 silly reify mark deleted [
30 silly reify   'C:\\Users\\ASUS\\Desktop\\wechat\\front_admin\\node_modules\\@rollup\\rollup-linux-x64-gnu'
30 silly reify ]
31 verbose reify failed optional dependency C:\Users\ASUS\Desktop\wechat\front_admin\node_modules\@rollup\rollup-linux-s390x-gnu
32 silly reify mark deleted [
32 silly reify   'C:\\Users\\ASUS\\Desktop\\wechat\\front_admin\\node_modules\\@rollup\\rollup-linux-s390x-gnu'
32 silly reify ]
33 verbose reify failed optional dependency C:\Users\ASUS\Desktop\wechat\front_admin\node_modules\@rollup\rollup-linux-riscv64-musl
34 silly reify mark deleted [
34 silly reify   'C:\\Users\\ASUS\\Desktop\\wechat\\front_admin\\node_modules\\@rollup\\rollup-linux-riscv64-musl'
34 silly reify ]
35 verbose reify failed optional dependency C:\Users\ASUS\Desktop\wechat\front_admin\node_modules\@rollup\rollup-linux-riscv64-gnu
36 silly reify mark deleted [
36 silly reify   'C:\\Users\\ASUS\\Desktop\\wechat\\front_admin\\node_modules\\@rollup\\rollup-linux-riscv64-gnu'
36 silly reify ]
37 verbose reify failed optional dependency C:\Users\ASUS\Desktop\wechat\front_admin\node_modules\@rollup\rollup-linux-ppc64-musl
38 silly reify mark deleted [
38 silly reify   'C:\\Users\\ASUS\\Desktop\\wechat\\front_admin\\node_modules\\@rollup\\rollup-linux-ppc64-musl'
38 silly reify ]
39 verbose reify failed optional dependency C:\Users\ASUS\Desktop\wechat\front_admin\node_modules\@rollup\rollup-linux-ppc64-gnu
40 silly reify mark deleted [
40 silly reify   'C:\\Users\\ASUS\\Desktop\\wechat\\front_admin\\node_modules\\@rollup\\rollup-linux-ppc64-gnu'
40 silly reify ]
41 verbose reify failed optional dependency C:\Users\ASUS\Desktop\wechat\front_admin\node_modules\@rollup\rollup-linux-loong64-musl
42 silly reify mark deleted [
42 silly reify   'C:\\Users\\ASUS\\Desktop\\wechat\\front_admin\\node_modules\\@rollup\\rollup-linux-loong64-musl'
42 silly reify ]
43 verbose reify failed optional dependency C:\Users\ASUS\Desktop\wechat\front_admin\node_modules\@rollup\rollup-linux-loong64-gnu
44 silly reify mark deleted [
44 silly reify   'C:\\Users\\ASUS\\Desktop\\wechat\\front_admin\\node_modules\\@rollup\\rollup-linux-loong64-gnu'
44 silly reify ]
45 verbose reify failed optional dependency C:\Users\ASUS\Desktop\wechat\front_admin\node_modules\@rollup\rollup-linux-arm64-musl
46 silly reify mark deleted [
46 silly reify   'C:\\Users\\ASUS\\Desktop\\wechat\\front_admin\\node_modules\\@rollup\\rollup-linux-arm64-musl'
46 silly reify ]
47 verbose reify failed optional dependency C:\Users\ASUS\Desktop\wechat\front_admin\node_modules\@rollup\rollup-linux-arm64-gnu
48 silly reify mark deleted [
48 silly reify   'C:\\Users\\ASUS\\Desktop\\wechat\\front_admin\\node_modules\\@rollup\\rollup-linux-arm64-gnu'
48 silly reify ]
49 verbose reify failed optional dependency C:\Users\ASUS\Desktop\wechat\front_admin\node_modules\@rollup\rollup-linux-arm-musleabihf
50 silly reify mark deleted [
50 silly reify   'C:\\Users\\ASUS\\Desktop\\wechat\\front_admin\\node_modules\\@rollup\\rollup-linux-arm-musleabihf'
50 silly reify ]
51 verbose reify failed optional dependency C:\Users\ASUS\Desktop\wechat\front_admin\node_modules\@rollup\rollup-linux-arm-gnueabihf
52 silly reify mark deleted [
52 silly reify   'C:\\Users\\ASUS\\Desktop\\wechat\\front_admin\\node_modules\\@rollup\\rollup-linux-arm-gnueabihf'
52 silly reify ]
53 verbose reify failed optional dependency C:\Users\ASUS\Desktop\wechat\front_admin\node_modules\@rollup\rollup-freebsd-x64
54 silly reify mark deleted [
54 silly reify   'C:\\Users\\ASUS\\Desktop\\wechat\\front_admin\\node_modules\\@rollup\\rollup-freebsd-x64'
54 silly reify ]
55 verbose reify failed optional dependency C:\Users\ASUS\Desktop\wechat\front_admin\node_modules\@rollup\rollup-freebsd-arm64
56 silly reify mark deleted [
56 silly reify   'C:\\Users\\ASUS\\Desktop\\wechat\\front_admin\\node_modules\\@rollup\\rollup-freebsd-arm64'
56 silly reify ]
57 verbose reify failed optional dependency C:\Users\ASUS\Desktop\wechat\front_admin\node_modules\@rollup\rollup-darwin-x64
58 silly reify mark deleted [
58 silly reify   'C:\\Users\\ASUS\\Desktop\\wechat\\front_admin\\node_modules\\@rollup\\rollup-darwin-x64'
58 silly reify ]
59 verbose reify failed optional dependency C:\Users\ASUS\Desktop\wechat\front_admin\node_modules\@rollup\rollup-darwin-arm64
60 silly reify mark deleted [
60 silly reify   'C:\\Users\\ASUS\\Desktop\\wechat\\front_admin\\node_modules\\@rollup\\rollup-darwin-arm64'
60 silly reify ]
61 verbose reify failed optional dependency C:\Users\ASUS\Desktop\wechat\front_admin\node_modules\@rollup\rollup-android-arm64
62 silly reify mark deleted [
62 silly reify   'C:\\Users\\ASUS\\Desktop\\wechat\\front_admin\\node_modules\\@rollup\\rollup-android-arm64'
62 silly reify ]
63 verbose reify failed optional dependency C:\Users\ASUS\Desktop\wechat\front_admin\node_modules\@rollup\rollup-android-arm-eabi
64 silly reify mark deleted [
64 silly reify   'C:\\Users\\ASUS\\Desktop\\wechat\\front_admin\\node_modules\\@rollup\\rollup-android-arm-eabi'
64 silly reify ]
65 verbose reify failed optional dependency C:\Users\ASUS\Desktop\wechat\front_admin\node_modules\@esbuild\win32-ia32
66 silly reify mark deleted [
66 silly reify   'C:\\Users\\ASUS\\Desktop\\wechat\\front_admin\\node_modules\\@esbuild\\win32-ia32'
66 silly reify ]
67 verbose reify failed optional dependency C:\Users\ASUS\Desktop\wechat\front_admin\node_modules\@esbuild\win32-arm64
68 silly reify mark deleted [
68 silly reify   'C:\\Users\\ASUS\\Desktop\\wechat\\front_admin\\node_modules\\@esbuild\\win32-arm64'
68 silly reify ]
69 verbose reify failed optional dependency C:\Users\ASUS\Desktop\wechat\front_admin\node_modules\@esbuild\sunos-x64
70 silly reify mark deleted [
70 silly reify   'C:\\Users\\ASUS\\Desktop\\wechat\\front_admin\\node_modules\\@esbuild\\sunos-x64'
70 silly reify ]
71 verbose reify failed optional dependency C:\Users\ASUS\Desktop\wechat\front_admin\node_modules\@esbuild\openharmony-arm64
72 silly reify mark deleted [
72 silly reify   'C:\\Users\\ASUS\\Desktop\\wechat\\front_admin\\node_modules\\@esbuild\\openharmony-arm64'
72 silly reify ]
73 verbose reify failed optional dependency C:\Users\ASUS\Desktop\wechat\front_admin\node_modules\@esbuild\openbsd-x64
74 silly reify mark deleted [
74 silly reify   'C:\\Users\\ASUS\\Desktop\\wechat\\front_admin\\node_modules\\@esbuild\\openbsd-x64'
74 silly reify ]
75 verbose reify failed optional dependency C:\Users\ASUS\Desktop\wechat\front_admin\node_modules\@esbuild\openbsd-arm64
76 silly reify mark deleted [
76 silly reify   'C:\\Users\\ASUS\\Desktop\\wechat\\front_admin\\node_modules\\@esbuild\\openbsd-arm64'
76 silly reify ]
77 verbose reify failed optional dependency C:\Users\ASUS\Desktop\wechat\front_admin\node_modules\@esbuild\netbsd-x64
78 silly reify mark deleted [
78 silly reify   'C:\\Users\\ASUS\\Desktop\\wechat\\front_admin\\node_modules\\@esbuild\\netbsd-x64'
78 silly reify ]
79 verbose reify failed optional dependency C:\Users\ASUS\Desktop\wechat\front_admin\node_modules\@esbuild\netbsd-arm64
80 silly reify mark deleted [
80 silly reify   'C:\\Users\\ASUS\\Desktop\\wechat\\front_admin\\node_modules\\@esbuild\\netbsd-arm64'
80 silly reify ]
81 verbose reify failed optional dependency C:\Users\ASUS\Desktop\wechat\front_admin\node_modules\@esbuild\linux-x64
82 silly reify mark deleted [
82 silly reify   'C:\\Users\\ASUS\\Desktop\\wechat\\front_admin\\node_modules\\@esbuild\\linux-x64'
82 silly reify ]
83 verbose reify failed optional dependency C:\Users\ASUS\Desktop\wechat\front_admin\node_modules\@esbuild\linux-s390x
84 silly reify mark deleted [
84 silly reify   'C:\\Users\\ASUS\\Desktop\\wechat\\front_admin\\node_modules\\@esbuild\\linux-s390x'
84 silly reify ]
85 verbose reify failed optional dependency C:\Users\ASUS\Desktop\wechat\front_admin\node_modules\@esbuild\linux-riscv64
86 silly reify mark deleted [
86 silly reify   'C:\\Users\\ASUS\\Desktop\\wechat\\front_admin\\node_modules\\@esbuild\\linux-riscv64'
86 silly reify ]
87 verbose reify failed optional dependency C:\Users\ASUS\Desktop\wechat\front_admin\node_modules\@esbuild\linux-ppc64
88 silly reify mark deleted [
88 silly reify   'C:\\Users\\ASUS\\Desktop\\wechat\\front_admin\\node_modules\\@esbuild\\linux-ppc64'
88 silly reify ]
89 verbose reify failed optional dependency C:\Users\ASUS\Desktop\wechat\front_admin\node_modules\@esbuild\linux-mips64el
90 silly reify mark deleted [
90 silly reify   'C:\\Users\\ASUS\\Desktop\\wechat\\front_admin\\node_modules\\@esbuild\\linux-mips64el'
90 silly reify ]
91 verbose reify failed optional dependency C:\Users\ASUS\Desktop\wechat\front_admin\node_modules\@esbuild\linux-loong64
92 silly reify mark deleted [
92 silly reify   'C:\\Users\\ASUS\\Desktop\\wechat\\front_admin\\node_modules\\@esbuild\\linux-loong64'
92 silly reify ]
93 verbose reify failed optional dependency C:\Users\ASUS\Desktop\wechat\front_admin\node_modules\@esbuild\linux-ia32
94 silly reify mark deleted [
94 silly reify   'C:\\Users\\ASUS\\Desktop\\wechat\\front_admin\\node_modules\\@esbuild\\linux-ia32'
94 silly reify ]
95 verbose reify failed optional dependency C:\Users\ASUS\Desktop\wechat\front_admin\node_modules\@esbuild\linux-arm64
96 silly reify mark deleted [
96 silly reify   'C:\\Users\\ASUS\\Desktop\\wechat\\front_admin\\node_modules\\@esbuild\\linux-arm64'
96 silly reify ]
97 verbose reify failed optional dependency C:\Users\ASUS\Desktop\wechat\front_admin\node_modules\@esbuild\linux-arm
98 silly reify mark deleted [
98 silly reify   'C:\\Users\\ASUS\\Desktop\\wechat\\front_admin\\node_modules\\@esbuild\\linux-arm'
98 silly reify ]
99 verbose reify failed optional dependency C:\Users\ASUS\Desktop\wechat\front_admin\node_modules\@esbuild\freebsd-x64
100 silly reify mark deleted [
100 silly reify   'C:\\Users\\ASUS\\Desktop\\wechat\\front_admin\\node_modules\\@esbuild\\freebsd-x64'
100 silly reify ]
101 verbose reify failed optional dependency C:\Users\ASUS\Desktop\wechat\front_admin\node_modules\@esbuild\freebsd-arm64
102 silly reify mark deleted [
102 silly reify   'C:\\Users\\ASUS\\Desktop\\wechat\\front_admin\\node_modules\\@esbuild\\freebsd-arm64'
102 silly reify ]
103 verbose reify failed optional dependency C:\Users\ASUS\Desktop\wechat\front_admin\node_modules\@esbuild\darwin-x64
104 silly reify mark deleted [
104 silly reify   'C:\\Users\\ASUS\\Desktop\\wechat\\front_admin\\node_modules\\@esbuild\\darwin-x64'
104 silly reify ]
105 verbose reify failed optional dependency C:\Users\ASUS\Desktop\wechat\front_admin\node_modules\@esbuild\darwin-arm64
106 silly reify mark deleted [
106 silly reify   'C:\\Users\\ASUS\\Desktop\\wechat\\front_admin\\node_modules\\@esbuild\\darwin-arm64'
106 silly reify ]
107 verbose reify failed optional dependency C:\Users\ASUS\Desktop\wechat\front_admin\node_modules\@esbuild\android-x64
108 silly reify mark deleted [
108 silly reify   'C:\\Users\\ASUS\\Desktop\\wechat\\front_admin\\node_modules\\@esbuild\\android-x64'
108 silly reify ]
109 verbose reify failed optional dependency C:\Users\ASUS\Desktop\wechat\front_admin\node_modules\@esbuild\android-arm64
110 silly reify mark deleted [
110 silly reify   'C:\\Users\\ASUS\\Desktop\\wechat\\front_admin\\node_modules\\@esbuild\\android-arm64'
110 silly reify ]
111 verbose reify failed optional dependency C:\Users\ASUS\Desktop\wechat\front_admin\node_modules\@esbuild\android-arm
112 silly reify mark deleted [
112 silly reify   'C:\\Users\\ASUS\\Desktop\\wechat\\front_admin\\node_modules\\@esbuild\\android-arm'
112 silly reify ]
113 verbose reify failed optional dependency C:\Users\ASUS\Desktop\wechat\front_admin\node_modules\@esbuild\aix-ppc64
114 silly reify mark deleted [
114 silly reify   'C:\\Users\\ASUS\\Desktop\\wechat\\front_admin\\node_modules\\@esbuild\\aix-ppc64'
114 silly reify ]
115 http fetch POST 404 https://registry.npmmirror.com/-/npm/v1/security/advisories/bulk 712ms
116 silly audit bulk request failed [object Object]
117 http fetch POST 404 https://registry.npmmirror.com/-/npm/v1/security/audits/quick 68ms
118 verbose audit error HttpErrorGeneral: 404 Not Found - POST https://registry.npmmirror.com/-/npm/v1/security/audits/quick - [NOT_IMPLEMENTED] /-/npm/v1/security/* not implemented yet
118 verbose audit error     at C:\Users\ASUS\Desktop\wechat\front_admin\node\node_modules\npm\node_modules\npm-registry-fetch\lib\check-response.js:95:15
118 verbose audit error     at process.processTicksAndRejections (node:internal/process/task_queues:95:5)
118 verbose audit error     at async [getReport] (C:\Users\ASUS\Desktop\wechat\front_admin\node\node_modules\npm\node_modules\@npmcli\arborist\lib\audit-report.js:336:21)
118 verbose audit error     at async AuditReport.run (C:\Users\ASUS\Desktop\wechat\front_admin\node\node_modules\npm\node_modules\@npmcli\arborist\lib\audit-report.js:106:19) {
118 verbose audit error   headers: [Object: null prototype] {
118 verbose audit error     server: [ 'Tengine' ],
118 verbose audit error     date: [ 'Wed, 15 Apr 2026 13:41:31 GMT' ],
118 verbose audit error     'content-type': [ 'application/json' ],
118 verbose audit error     'transfer-encoding': [ 'chunked' ],
118 verbose audit error     connection: [ 'keep-alive' ],
118 verbose audit error     'strict-transport-security': [ 'max-age=5184000' ],
118 verbose audit error     via: [ 'kunlun4.cn9153[,404666]' ],
118 verbose audit error     'timing-allow-origin': [ '*' ],
118 verbose audit error     eagleid: [ 'ded95e1817762604914611719e' ],
118 verbose audit error     'x-fetch-attempts': [ '1' ]
118 verbose audit error   },
118 verbose audit error   statusCode: 404,
118 verbose audit error   code: 'E404',
118 verbose audit error   method: 'POST',
118 verbose audit error   uri: 'https://registry.npmmirror.com/-/npm/v1/security/audits/quick',
118 verbose audit error   body: {
118 verbose audit error     error: '[NOT_IMPLEMENTED] /-/npm/v1/security/* not implemented yet'
118 verbose audit error   },
118 verbose audit error   pkgid: undefined
118 verbose audit error }
119 silly audit error [object Object]
120 silly audit report null
121 info run esbuild@0.27.3 postinstall node_modules/esbuild node install.js
122 info run esbuild@0.27.3 postinstall { code: 0, signal: null }
123 silly ADD node_modules/yaml
124 silly ADD node_modules/yallist
125 silly ADD node_modules/wsl-utils
126 silly ADD node_modules/which
127 silly ADD node_modules/webpack-virtual-modules
128 silly ADD node_modules/vue-tsc
129 silly ADD node_modules/vue-router
130 silly ADD node_modules/vue
131 silly ADD node_modules/vscode-uri
132 silly ADD node_modules/vite-plugin-vue-inspector
133 silly ADD node_modules/vite-plugin-vue-devtools
134 silly ADD node_modules/vite-plugin-inspect
135 silly ADD node_modules/vite-hot-client
136 silly ADD node_modules/vite-dev-rpc
137 silly ADD node_modules/vite
138 silly ADD node_modules/update-browserslist-db
139 silly ADD node_modules/unplugin-utils
140 silly ADD node_modules/unplugin
141 silly ADD node_modules/undici-types
142 silly ADD node_modules/ufo
143 silly ADD node_modules/typescript
144 silly ADD node_modules/totalist
145 silly ADD node_modules/tinyglobby
146 silly ADD node_modules/source-map-js
147 silly ADD node_modules/sirv
148 silly ADD node_modules/shell-quote
149 silly ADD node_modules/shebang-regex
150 silly ADD node_modules/shebang-command
151 silly ADD node_modules/semver
152 silly ADD node_modules/scule
153 silly ADD node_modules/run-applescript
154 silly ADD node_modules/rollup
155 silly ADD node_modules/readdirp
156 silly ADD node_modules/read-package-json-fast
157 silly ADD node_modules/quansync
158 silly ADD node_modules/proxy-from-env
159 silly ADD node_modules/postcss
160 silly ADD node_modules/pkg-types
161 silly ADD node_modules/pidtree
162 silly ADD node_modules/picomatch
163 silly ADD node_modules/picocolors
164 silly ADD node_modules/perfect-debounce
165 silly ADD node_modules/pathe
166 silly ADD node_modules/path-key
167 silly ADD node_modules/path-browserify
168 silly ADD node_modules/open
169 silly ADD node_modules/ohash
170 silly ADD node_modules/npm-run-all2
171 silly ADD node_modules/npm-normalize-package-bin
172 silly ADD node_modules/normalize-wheel-es
173 silly ADD node_modules/node-releases
174 silly ADD node_modules/nanoid
175 silly ADD node_modules/muggle-string
176 silly ADD node_modules/ms
177 silly ADD node_modules/mrmime
178 silly ADD node_modules/mlly
179 silly ADD node_modules/mlly/node_modules/pkg-types
180 silly ADD node_modules/mlly/node_modules/confbox
181 silly ADD node_modules/mime-types
182 silly ADD node_modules/mime-db
183 silly ADD node_modules/memorystream
184 silly ADD node_modules/memoize-one
185 silly ADD node_modules/math-intrinsics
186 silly ADD node_modules/magic-string-ast
187 silly ADD node_modules/magic-string
188 silly ADD node_modules/lru-cache
189 silly ADD node_modules/lodash-unified
190 silly ADD node_modules/lodash-es
191 silly ADD node_modules/lodash
192 silly ADD node_modules/local-pkg
193 silly ADD node_modules/kolorist
194 silly ADD node_modules/json5
195 silly ADD node_modules/json-parse-even-better-errors
196 silly ADD node_modules/jsesc
197 silly ADD node_modules/js-tokens
198 silly ADD node_modules/isexe
199 silly ADD node_modules/is-wsl
200 silly ADD node_modules/is-inside-container
201 silly ADD node_modules/is-docker
202 silly ADD node_modules/hookable
203 silly ADD node_modules/hasown
204 silly ADD node_modules/has-tostringtag
205 silly ADD node_modules/has-symbols
206 silly ADD node_modules/gopd
207 silly ADD node_modules/get-proto
208 silly ADD node_modules/get-intrinsic
209 silly ADD node_modules/gensync
210 silly ADD node_modules/function-bind
211 silly ADD
212 silly ADD node_modules/form-data
213 silly ADD node_modules/follow-redirects
214 silly ADD node_modules/fdir
215 silly ADD node_modules/exsolve
216 silly ADD node_modules/estree-walker
217 silly ADD node_modules/escalade
218 silly ADD node_modules/esbuild
219 silly ADD node_modules/es-set-tostringtag
220 silly ADD node_modules/es-object-atoms
221 silly ADD node_modules/es-errors
222 silly ADD node_modules/es-define-property
223 silly ADD node_modules/error-stack-parser-es
224 silly ADD node_modules/entities
225 silly ADD node_modules/element-plus
226 silly ADD node_modules/electron-to-chromium
227 silly ADD node_modules/dunder-proto
228 silly ADD node_modules/delayed-stream
229 silly ADD node_modules/define-lazy-prop
230 silly ADD node_modules/default-browser-id
231 silly ADD node_modules/default-browser
232 silly ADD node_modules/debug
233 silly ADD node_modules/dayjs
234 silly ADD node_modules/csstype
235 silly ADD node_modules/cross-spawn
236 silly ADD node_modules/cross-spawn/node_modules/which
237 silly ADD node_modules/cross-spawn/node_modules/isexe
238 silly ADD node_modules/convert-source-map
239 silly ADD node_modules/confbox
240 silly ADD node_modules/combined-stream
241 silly ADD node_modules/chokidar
242 silly ADD node_modules/caniuse-lite
243 silly ADD node_modules/call-bind-apply-helpers
244 silly ADD node_modules/bundle-name
245 silly ADD node_modules/browserslist
246 silly ADD node_modules/birpc
247 silly ADD node_modules/baseline-browser-mapping
248 silly ADD node_modules/axios
249 silly ADD node_modules/asynckit
250 silly ADD node_modules/async-validator
251 silly ADD node_modules/ast-walker-scope
252 silly ADD node_modules/ast-kit
253 silly ADD node_modules/ansis
254 silly ADD node_modules/ansi-styles
255 silly ADD node_modules/alien-signals
256 silly ADD node_modules/acorn
257 silly ADD node_modules/@vueuse/shared
258 silly ADD node_modules/@vueuse/metadata
259 silly ADD node_modules/@vueuse/core
260 silly ADD node_modules/@vue/tsconfig
261 silly ADD node_modules/@vue/shared
262 silly ADD node_modules/@vue/server-renderer
263 silly ADD node_modules/@vue/runtime-dom
264 silly ADD node_modules/@vue/runtime-core
265 silly ADD node_modules/@vue/reactivity
266 silly ADD node_modules/@vue/language-core
267 silly ADD node_modules/@vue/devtools-shared
268 silly ADD node_modules/@vue/devtools-kit
269 silly ADD node_modules/@vue/devtools-core
270 silly ADD node_modules/@vue/devtools-api
271 silly ADD node_modules/@vue/compiler-ssr
272 silly ADD node_modules/@vue/compiler-sfc
273 silly ADD node_modules/@vue/compiler-dom
274 silly ADD node_modules/@vue/compiler-core
275 silly ADD node_modules/@vue/babel-plugin-resolve-type
276 silly ADD node_modules/@vue/babel-plugin-jsx
277 silly ADD node_modules/@vue/babel-helper-vue-transform-on
278 silly ADD node_modules/@vue-macros/common
279 silly ADD node_modules/@volar/typescript
280 silly ADD node_modules/@volar/source-map
281 silly ADD node_modules/@volar/language-core
282 silly ADD node_modules/@vitejs/plugin-vue
283 silly ADD node_modules/@types/web-bluetooth
284 silly ADD node_modules/@types/node
285 silly ADD node_modules/@types/lodash-es
286 silly ADD node_modules/@types/lodash
287 silly ADD node_modules/@types/estree
288 silly ADD node_modules/@tsconfig/node24
289 silly ADD node_modules/@rollup/rollup-win32-x64-msvc
290 silly ADD node_modules/@rollup/rollup-win32-x64-gnu
291 silly ADD
292 silly ADD
293 silly ADD
294 silly ADD
295 silly ADD
296 silly ADD
297 silly ADD
298 silly ADD
299 silly ADD
300 silly ADD
301 silly ADD
302 silly ADD
303 silly ADD
304 silly ADD
305 silly ADD
306 silly ADD
307 silly ADD
308 silly ADD
309 silly ADD
310 silly ADD
311 silly ADD
312 silly ADD
313 silly ADD
314 silly ADD node_modules/@rolldown/pluginutils
315 silly ADD node_modules/@popperjs/core
316 silly ADD node_modules/@polka/url
317 silly ADD node_modules/@jridgewell/trace-mapping
318 silly ADD node_modules/@jridgewell/sourcemap-codec
319 silly ADD node_modules/@jridgewell/resolve-uri
320 silly ADD node_modules/@jridgewell/remapping
321 silly ADD node_modules/@jridgewell/gen-mapping
322 silly ADD node_modules/@floating-ui/utils
323 silly ADD node_modules/@floating-ui/dom
324 silly ADD node_modules/@floating-ui/core
325 silly ADD node_modules/@esbuild/win32-x64
326 silly ADD
327 silly ADD
328 silly ADD
329 silly ADD
330 silly ADD
331 silly ADD
332 silly ADD
333 silly ADD
334 silly ADD
335 silly ADD
336 silly ADD
337 silly ADD
338 silly ADD
339 silly ADD
340 silly ADD
341 silly ADD
342 silly ADD
343 silly ADD
344 silly ADD
345 silly ADD
346 silly ADD
347 silly ADD
348 silly ADD
349 silly ADD
350 silly ADD
351 silly ADD node_modules/@element-plus/icons-vue
352 silly ADD node_modules/@ctrl/tinycolor
353 silly ADD node_modules/@babel/types
354 silly ADD node_modules/@babel/traverse
355 silly ADD node_modules/@babel/template
356 silly ADD node_modules/@babel/plugin-transform-typescript
357 silly ADD node_modules/@babel/plugin-syntax-typescript
358 silly ADD node_modules/@babel/plugin-syntax-jsx
359 silly ADD node_modules/@babel/plugin-syntax-import-meta
360 silly ADD node_modules/@babel/plugin-syntax-import-attributes
361 silly ADD node_modules/@babel/plugin-syntax-decorators
362 silly ADD node_modules/@babel/plugin-proposal-decorators
363 silly ADD node_modules/@babel/parser
364 silly ADD node_modules/@babel/helpers
365 silly ADD node_modules/@babel/helper-validator-option
366 silly ADD node_modules/@babel/helper-validator-identifier
367 silly ADD node_modules/@babel/helper-string-parser
368 silly ADD node_modules/@babel/helper-skip-transparent-expression-wrappers
369 silly ADD node_modules/@babel/helper-replace-supers
370 silly ADD node_modules/@babel/helper-plugin-utils
371 silly ADD node_modules/@babel/helper-optimise-call-expression
372 silly ADD node_modules/@babel/helper-module-transforms
373 silly ADD node_modules/@babel/helper-module-imports
374 silly ADD node_modules/@babel/helper-member-expression-to-functions
375 silly ADD node_modules/@babel/helper-globals
376 silly ADD node_modules/@babel/helper-create-class-features-plugin
377 silly ADD node_modules/@babel/helper-compilation-targets
378 silly ADD node_modules/@babel/helper-annotate-as-pure
379 silly ADD node_modules/@babel/generator
380 silly ADD node_modules/@babel/core
381 silly ADD node_modules/@babel/compat-data
382 silly ADD node_modules/@babel/code-frame
383 verbose cwd C:\Users\ASUS\Desktop\wechat\front_admin
384 verbose os Windows_NT 10.0.22631
385 verbose node v20.19.0
386 verbose npm  v10.8.2
387 verbose exit 0
388 info ok
