
  .   ____          _            __ _ _
 /\\ / ___'_ __ _ _(_)_ __  __ _ \ \ \ \
( ( )\___ | '_ | '_| | '_ \/ _` | \ \ \ \
 \\/  ___)| |_)| | | | | || (_| |  ) ) ) )
  '  |____| .__|_| |_|_| |_\__, | / / / /
 =========|_|==============|___/=/_/_/_/

 :: Spring Boot ::                (v3.3.8)

2026-05-16T20:39:15.869+08:00  INFO 32140 --- [           main] com.greengo.Xjco2913Application          : Starting Xjco2913Application v0.0.1-SNAPSHOT using Java 17 with PID 32140 (C:\Users\a1741\Desktop\댕힛苟\흡숭묏넋淃커\XJCO2913\Green-go\backend\target\backend-0.0.1-SNAPSHOT.jar started by a1741 in C:\Users\a1741\Desktop\댕힛苟\흡숭묏넋淃커\XJCO2913\Green-go\backend)
2026-05-16T20:39:15.872+08:00  INFO 32140 --- [           main] com.greengo.Xjco2913Application          : No active profile set, falling back to 1 default profile: "default"
2026-05-16T20:39:17.566+08:00  INFO 32140 --- [           main] o.s.b.w.embedded.tomcat.TomcatWebServer  : Tomcat initialized with port 9090 (http)
2026-05-16T20:39:17.589+08:00  INFO 32140 --- [           main] o.apache.catalina.core.StandardService   : Starting service [Tomcat]
2026-05-16T20:39:17.589+08:00  INFO 32140 --- [           main] o.apache.catalina.core.StandardEngine    : Starting Servlet engine: [Apache Tomcat/10.1.34]
2026-05-16T20:39:17.650+08:00  INFO 32140 --- [           main] o.a.c.c.C.[Tomcat].[localhost].[/]       : Initializing Spring embedded WebApplicationContext
2026-05-16T20:39:17.653+08:00  INFO 32140 --- [           main] w.s.c.ServletWebServerApplicationContext : Root WebApplicationContext: initialization completed in 1728 ms
 _ _   |_  _ _|_. ___ _ |    _ 
| | |\/|_)(_| | |_\  |_)||_|_\ 
     /               |         
                        3.5.15 
2026-05-16T20:39:19.441+08:00  INFO 32140 --- [           main] m.e.s.MybatisPlusApplicationContextAware : Register ApplicationContext instances org.springframework.boot.web.servlet.context.AnnotationConfigServletWebServerApplicationContext@554e218
2026-05-16T20:39:19.531+08:00  INFO 32140 --- [           main] o.s.b.w.embedded.tomcat.TomcatWebServer  : Tomcat started on port 9090 (http) with context path '/'
2026-05-16T20:39:19.547+08:00  INFO 32140 --- [           main] com.greengo.Xjco2913Application          : Started Xjco2913Application in 4.102 seconds (process running for 4.488)
2026-05-16T20:39:19.592+08:00  WARN 32140 --- [   scheduling-1] com.zaxxer.hikari.HikariConfig           : HikariPool-1 - idleTimeout has been set but has no effect because the pool is operating as a fixed size pool.
2026-05-16T20:39:19.592+08:00  INFO 32140 --- [   scheduling-1] com.zaxxer.hikari.HikariDataSource       : HikariPool-1 - Starting...
2026-05-16T20:39:19.762+08:00  INFO 32140 --- [   scheduling-1] com.zaxxer.hikari.pool.HikariPool        : HikariPool-1 - Added connection com.mysql.cj.jdbc.ConnectionImpl@d3eb0e8
2026-05-16T20:39:19.764+08:00  INFO 32140 --- [   scheduling-1] com.zaxxer.hikari.HikariDataSource       : HikariPool-1 - Start completed.
